<?xml version="1.0" encoding="UTF-8"?>
<!-- Generated by org.testng.reporters.JUnitXMLReporter -->
<testsuite ignored="0" hostname="DESKTOP-VJTENDK" failures="0" tests="5" name="Surefire test" time="0.085" errors="0" timestamp="2023-02-28T12:48:01 EET">
  <testcase classname="hw5car.CarSecondTest" name="test1" time="0.006"/>
  <testcase classname="hw5car.CarSecondTest" name="test2" time="0.001"/>
  <testcase classname="hw5car.CarTest" name="test1" time="0.007"/>
  <testcase classname="hw5car.CarTest" name="test2" time="0.0"/>
  <testcase classname="hw5car.CarTest" name="test3" time="0.004"/>
</testsuite> <!-- Surefire test -->
