<?xml version="1.0" encoding="UTF-8"?>
<testng-results ignored="1" total="2" passed="1" failed="0" skipped="0">
  <reporter-output>
  </reporter-output>
  <suite started-at="2023-02-28T13:01:42 EET" name="All Test Suite" finished-at="2023-02-28T13:01:42 EET" duration-ms="87">
    <groups>
    </groups>
    <test started-at="2023-02-28T13:01:42 EET" name="Tests run" finished-at="2023-02-28T13:01:42 EET" duration-ms="87">
      <class name="hw5car.CarSecondTest">
        <test-method signature="test1()[pri:0, instance:hw5car.CarSecondTest@20140db9]" started-at="2023-02-28T13:01:42 EET" name="test1" finished-at="2023-02-28T13:01:42 EET" duration-ms="10" status="PASS">
          <reporter-output>
          </reporter-output>
        </test-method> <!-- test1 -->
      </class> <!-- hw5car.CarSecondTest -->
    </test> <!-- Tests run -->
  </suite> <!-- All Test Suite -->
</testng-results>
